Release 13.1 - xst O.40d (nt64)
Copyright (c) 1995-2011 Xilinx, Inc.  All rights reserved.
--> Parameter TMPDIR set to xst/projnav.tmp


Total REAL time to Xst completion: 0.00 secs
Total CPU time to Xst completion: 0.09 secs
 
--> Parameter xsthdpdir set to xst


Total REAL time to Xst completion: 0.00 secs
Total CPU time to Xst completion: 0.09 secs
 
--> Reading design: vga_pong.prj

TABLE OF CONTENTS
  1) Synthesis Options Summary
  2) HDL Compilation
  3) Design Hierarchy Analysis
  4) HDL Analysis
  5) HDL Synthesis
     5.1) HDL Synthesis Report
  6) Advanced HDL Synthesis
     6.1) Advanced HDL Synthesis Report
  7) Low Level Synthesis
  8) Partition Report
  9) Final Report
	9.1) Device utilization summary
	9.2) Partition Resource Summary
	9.3) TIMING REPORT


=========================================================================
*                      Synthesis Options Summary                        *
=========================================================================
---- Source Parameters
Input File Name                    : "vga_pong.prj"
Input Format                       : mixed
Ignore Synthesis Constraint File   : NO

---- Target Parameters
Output File Name                   : "vga_pong"
Output Format                      : NGC
Target Device                      : xc3s500e-4-fg320

---- Source Options
Top Module Name                    : vga_pong
Automatic FSM Extraction           : YES
FSM Encoding Algorithm             : Auto
Safe Implementation                : No
FSM Style                          : LUT
RAM Extraction                     : Yes
RAM Style                          : Auto
ROM Extraction                     : Yes
Mux Style                          : Auto
Decoder Extraction                 : YES
Priority Encoder Extraction        : Yes
Shift Register Extraction          : YES
Logical Shifter Extraction         : YES
XOR Collapsing                     : YES
ROM Style                          : Auto
Mux Extraction                     : Yes
Resource Sharing                   : YES
Asynchronous To Synchronous        : NO
Multiplier Style                   : Auto
Automatic Register Balancing       : No

---- Target Options
Add IO Buffers                     : YES
Global Maximum Fanout              : 500
Add Generic Clock Buffer(BUFG)     : 24
Register Duplication               : YES
Slice Packing                      : YES
Optimize Instantiated Primitives   : NO
Use Clock Enable                   : Yes
Use Synchronous Set                : Yes
Use Synchronous Reset              : Yes
Pack IO Registers into IOBs        : Auto
Equivalent register Removal        : YES

---- General Options
Optimization Goal                  : Speed
Optimization Effort                : 1
Keep Hierarchy                     : No
Netlist Hierarchy                  : As_Optimized
RTL Output                         : Yes
Global Optimization                : AllClockNets
Read Cores                         : YES
Write Timing Constraints           : NO
Cross Clock Analysis               : NO
Hierarchy Separator                : /
Bus Delimiter                      : <>
Case Specifier                     : Maintain
Slice Utilization Ratio            : 100
BRAM Utilization Ratio             : 100
Verilog 2001                       : YES
Auto BRAM Packing                  : NO
Slice Utilization Ratio Delta      : 5

=========================================================================


=========================================================================
*                          HDL Compilation                              *
=========================================================================
Compiling verilog file "vga_screen.v" in library work
Compiling verilog file "vga_game.v" in library work
Module <vga_screen> compiled
Compiling verilog file "vga_pong.v" in library work
Module <vga_game> compiled
Module <vga_pong> compiled
No errors in compilation
Analysis of file <"vga_pong.prj"> succeeded.
 

=========================================================================
*                     Design Hierarchy Analysis                         *
=========================================================================
Analyzing hierarchy for module <vga_pong> in library <work>.

Analyzing hierarchy for module <vga_screen> in library <work> with parameters.
	HB = "00000000000000000000000000010000"
	HD = "00000000000000000000001010000000"
	HF = "00000000000000000000000000110000"
	HR = "00000000000000000000000001100000"
	VB = "00000000000000000000000000100001"
	VD = "00000000000000000000000111100000"
	VF = "00000000000000000000000000001010"
	VR = "00000000000000000000000000000010"

Analyzing hierarchy for module <vga_game> in library <work> with parameters.
	BALL_SIZE = "00000000000000000000000000001000"
	BALL_X_L = "00000000000000000000001001000100"
	BALL_X_R = "00000000000000000000001001001011"
	BALL_Y_B = "00000000000000000000000011110101"
	BALL_Y_T = "00000000000000000000000011101110"
	BAR_X_L = "00000000000000000000001001011000"
	BAR_X_R = "00000000000000000000001001011011"
	BAR_Y_B = "00000000000000000000000100010011"
	BAR_Y_SIZE = "00000000000000000000000001001000"
	BAR_Y_T = "00000000000000000000000011001100"
	MAX_X = "00000000000000000000001010000000"
	MAX_Y = "00000000000000000000000111100000"
	WALL_X_L = "00000000000000000000000000100000"
	WALL_X_R = "00000000000000000000000000100011"


=========================================================================
*                            HDL Analysis                               *
=========================================================================
Analyzing top module <vga_pong>.
Module <vga_pong> is correct for synthesis.
 
Analyzing module <vga_screen> in library <work>.
	HB = 32'sb00000000000000000000000000010000
	HD = 32'sb00000000000000000000001010000000
	HF = 32'sb00000000000000000000000000110000
	HR = 32'sb00000000000000000000000001100000
	VB = 32'sb00000000000000000000000000100001
	VD = 32'sb00000000000000000000000111100000
	VF = 32'sb00000000000000000000000000001010
	VR = 32'sb00000000000000000000000000000010
Module <vga_screen> is correct for synthesis.
 
Analyzing module <vga_game> in library <work>.
	BALL_SIZE = 32'sb00000000000000000000000000001000
	BALL_X_L = 32'sb00000000000000000000001001000100
	BALL_X_R = 32'sb00000000000000000000001001001011
	BALL_Y_B = 32'sb00000000000000000000000011110101
	BALL_Y_T = 32'sb00000000000000000000000011101110
	BAR_X_L = 32'sb00000000000000000000001001011000
	BAR_X_R = 32'sb00000000000000000000001001011011
	BAR_Y_B = 32'sb00000000000000000000000100010011
	BAR_Y_SIZE = 32'sb00000000000000000000000001001000
	BAR_Y_T = 32'sb00000000000000000000000011001100
	MAX_X = 32'sb00000000000000000000001010000000
	MAX_Y = 32'sb00000000000000000000000111100000
	WALL_X_L = 32'sb00000000000000000000000000100000
	WALL_X_R = 32'sb00000000000000000000000000100011
Module <vga_game> is correct for synthesis.
 

=========================================================================
*                           HDL Synthesis                               *
=========================================================================

Performing bidirectional port resolution...

Synthesizing Unit <vga_screen>.
    Related source file is "vga_screen.v".
    Found 10-bit adder for signal <h_count_next$addsub0000> created at line 87.
    Found 10-bit register for signal <h_count_reg>.
    Found 10-bit comparator greatequal for signal <h_sync_next$cmp_ge0000> created at line 103.
    Found 10-bit comparator lessequal for signal <h_sync_next$cmp_le0000> created at line 103.
    Found 1-bit register for signal <h_sync_reg>.
    Found 1-bit register for signal <mod2_reg>.
    Found 10-bit adder for signal <v_count_next$addsub0000> created at line 97.
    Found 10-bit register for signal <v_count_reg>.
    Found 10-bit comparator greatequal for signal <v_sync_next$cmp_ge0000> created at line 106.
    Found 10-bit comparator lessequal for signal <v_sync_next$cmp_le0000> created at line 106.
    Found 1-bit register for signal <v_sync_reg>.
    Found 11-bit comparator less for signal <video_on$cmp_lt0000> created at line 110.
    Found 10-bit comparator less for signal <video_on$cmp_lt0001> created at line 110.
    Summary:
	inferred  23 D-type flip-flop(s).
	inferred   2 Adder/Subtractor(s).
	inferred   6 Comparator(s).
Unit <vga_screen> synthesized.


Synthesizing Unit <vga_game>.
    Related source file is "vga_game.v".
    Found 11-bit comparator greatequal for signal <bar_on$cmp_le0000> created at line 76.
    Found 11-bit comparator lessequal for signal <bar_on$cmp_le0001> created at line 76.
    Found 10-bit comparator greatequal for signal <bar_on$cmp_le0002> created at line 76.
    Found 10-bit comparator lessequal for signal <bar_on$cmp_le0003> created at line 76.
    Found 11-bit comparator greatequal for signal <sq_ball_on$cmp_le0000> created at line 84.
    Found 11-bit comparator lessequal for signal <sq_ball_on$cmp_le0001> created at line 84.
    Found 10-bit comparator greatequal for signal <sq_ball_on$cmp_le0002> created at line 84.
    Found 10-bit comparator lessequal for signal <sq_ball_on$cmp_le0003> created at line 84.
    Found 10-bit comparator greatequal for signal <wall_on$cmp_le0000> created at line 69.
    Found 10-bit comparator lessequal for signal <wall_on$cmp_le0001> created at line 69.
    Summary:
	inferred  10 Comparator(s).
Unit <vga_game> synthesized.


Synthesizing Unit <vga_pong>.
    Related source file is "vga_pong.v".
    Found 3-bit register for signal <rgb_reg>.
    Summary:
	inferred   3 D-type flip-flop(s).
Unit <vga_pong> synthesized.


=========================================================================
HDL Synthesis Report

Macro Statistics
# Adders/Subtractors                                   : 2
 10-bit adder                                          : 2
# Registers                                            : 6
 1-bit register                                        : 3
 10-bit register                                       : 2
 3-bit register                                        : 1
# Comparators                                          : 16
 10-bit comparator greatequal                          : 5
 10-bit comparator less                                : 1
 10-bit comparator lessequal                           : 5
 11-bit comparator greatequal                          : 2
 11-bit comparator less                                : 1
 11-bit comparator lessequal                           : 2

=========================================================================

=========================================================================
*                       Advanced HDL Synthesis                          *
=========================================================================


=========================================================================
Advanced HDL Synthesis Report

Macro Statistics
# Adders/Subtractors                                   : 2
 10-bit adder                                          : 2
# Registers                                            : 26
 Flip-Flops                                            : 26
# Comparators                                          : 16
 10-bit comparator greatequal                          : 5
 10-bit comparator less                                : 1
 10-bit comparator lessequal                           : 5
 11-bit comparator greatequal                          : 2
 11-bit comparator less                                : 1
 11-bit comparator lessequal                           : 2

=========================================================================

=========================================================================
*                         Low Level Synthesis                           *
=========================================================================

Optimizing unit <vga_pong> ...

Optimizing unit <vga_screen> ...

Mapping all equations...
Building and optimizing final netlist ...
Found area constraint ratio of 100 (+ 5) on block vga_pong, actual ratio is 0.

Final Macro Processing ...

=========================================================================
Final Register Report

Macro Statistics
# Registers                                            : 26
 Flip-Flops                                            : 26

=========================================================================

=========================================================================
*                           Partition Report                            *
=========================================================================

Partition Implementation Status
-------------------------------

  No Partitions were found in this design.

-------------------------------

=========================================================================
*                            Final Report                               *
=========================================================================
Final Results
RTL Top Level Output File Name     : vga_pong.ngr
Top Level Output File Name         : vga_pong
Output Format                      : NGC
Optimization Goal                  : Speed
Keep Hierarchy                     : No

Design Statistics
# IOs                              : 7

Cell Usage :
# BELS                             : 115
#      GND                         : 1
#      INV                         : 3
#      LUT1                        : 18
#      LUT2                        : 4
#      LUT3                        : 3
#      LUT3_D                      : 1
#      LUT3_L                      : 2
#      LUT4                        : 38
#      LUT4_D                      : 4
#      LUT4_L                      : 2
#      MUXCY                       : 18
#      VCC                         : 1
#      XORCY                       : 20
# FlipFlops/Latches                : 26
#      FDC                         : 23
#      FDE                         : 3
# Clock Buffers                    : 1
#      BUFGP                       : 1
# IO Buffers                       : 6
#      IBUF                        : 1
#      OBUF                        : 5
=========================================================================

Device utilization summary:
---------------------------

Selected Device : 3s500efg320-4 

 Number of Slices:                       39  out of   4656     0%  
 Number of Slice Flip Flops:             26  out of   9312     0%  
 Number of 4 input LUTs:                 75  out of   9312     0%  
 Number of IOs:                           7
 Number of bonded IOBs:                   7  out of    232     3%  
 Number of GCLKs:                         1  out of     24     4%  

---------------------------
Partition Resource Summary:
---------------------------

  No Partitions were found in this design.

---------------------------


=========================================================================
TIMING REPORT

NOTE: THESE TIMING NUMBERS ARE ONLY A SYNTHESIS ESTIMATE.
      FOR ACCURATE TIMING INFORMATION PLEASE REFER TO THE TRACE REPORT
      GENERATED AFTER PLACE-and-ROUTE.

Clock Information:
------------------
-----------------------------------+------------------------+-------+
Clock Signal                       | Clock buffer(FF name)  | Load  |
-----------------------------------+------------------------+-------+
CLK_50MHZ                          | BUFGP                  | 26    |
-----------------------------------+------------------------+-------+

Asynchronous Control Signals Information:
----------------------------------------
-----------------------------------+------------------------+-------+
Control Signal                     | Buffer(FF name)        | Load  |
-----------------------------------+------------------------+-------+
RESET                              | IBUF                   | 23    |
-----------------------------------+------------------------+-------+

Timing Summary:
---------------
Speed Grade: -4

   Minimum period: 6.701ns (Maximum Frequency: 149.231MHz)
   Minimum input arrival time before clock: No path found
   Maximum output required time after clock: 4.283ns
   Maximum combinational path delay: No path found

Timing Detail:
--------------
All values displayed in nanoseconds (ns)

=========================================================================
Timing constraint: Default period analysis for Clock 'CLK_50MHZ'
  Clock period: 6.701ns (frequency: 149.231MHz)
  Total number of paths / destination ports: 668 / 29
-------------------------------------------------------------------------
Delay:               6.701ns (Levels of Logic = 4)
  Source:            unit0/h_count_reg_4 (FF)
  Destination:       unit0/v_count_reg_8 (FF)
  Source Clock:      CLK_50MHZ rising
  Destination Clock: CLK_50MHZ rising

  Data Path: unit0/h_count_reg_4 to unit0/v_count_reg_8
                                Gate     Net
    Cell:in->out      fanout   Delay   Delay  Logical Name (Net Name)
    ----------------------------------------  ------------
     FDC:C->Q              7   0.591   0.743  unit0/h_count_reg_4 (unit0/h_count_reg_4)
     LUT4:I2->O            2   0.704   0.482  unit0/h_end7 (unit0/h_end7)
     LUT4:I2->O           11   0.704   0.937  unit0/h_end24 (unit0/h_end)
     LUT4_D:I3->O          9   0.704   0.824  unit0/v_count_next<0>2 (unit0/N4)
     LUT4:I3->O            1   0.704   0.000  unit0/v_count_next<8>1 (unit0/v_count_next<8>)
     FDC:D                     0.308          unit0/v_count_reg_8
    ----------------------------------------
    Total                      6.701ns (3.715ns logic, 2.986ns route)
                                       (55.4% logic, 44.6% route)

=========================================================================
Timing constraint: Default OFFSET OUT AFTER for Clock 'CLK_50MHZ'
  Total number of paths / destination ports: 5 / 5
-------------------------------------------------------------------------
Offset:              4.283ns (Levels of Logic = 1)
  Source:            unit0/v_sync_reg (FF)
  Destination:       vsync (PAD)
  Source Clock:      CLK_50MHZ rising

  Data Path: unit0/v_sync_reg to vsync
                                Gate     Net
    Cell:in->out      fanout   Delay   Delay  Logical Name (Net Name)
    ----------------------------------------  ------------
     FDC:C->Q              1   0.591   0.420  unit0/v_sync_reg (unit0/v_sync_reg)
     OBUF:I->O                 3.272          vsync_OBUF (vsync)
    ----------------------------------------
    Total                      4.283ns (3.863ns logic, 0.420ns route)
                                       (90.2% logic, 9.8% route)

=========================================================================


Total REAL time to Xst completion: 5.00 secs
Total CPU time to Xst completion: 4.46 secs
 
--> 

Total memory usage is 250068 kilobytes

Number of errors   :    0 (   0 filtered)
Number of warnings :    0 (   0 filtered)
Number of infos    :    0 (   0 filtered)

